<?xml version="1.0" encoding="UTF-8"?>
<testng-results skipped="0" failed="0" total="1" passed="1">
  <reporter-output>
  </reporter-output>
  <suite name="Suite1" duration-ms="14485" started-at="2014-07-03T13:33:16Z" finished-at="2014-07-03T13:33:30Z">
    <groups>
    </groups>
    <test name="TestStringLength" duration-ms="0" started-at="2014-07-03T13:33:30Z" finished-at="2014-07-03T13:33:30Z">
    </test>
    <test name="TestSimilarProducts" duration-ms="0" started-at="2014-07-03T13:33:30Z" finished-at="2014-07-03T13:33:30Z">
    </test>
    <test name="TestBuySmartphone" duration-ms="0" started-at="2014-07-03T13:33:30Z" finished-at="2014-07-03T13:33:30Z">
      <class name="testng.TicketsForBabies">
        <test-method status="PASS" signature="initEnviroment()" name="initEnviroment" is-config="true" duration-ms="19065" started-at="2014-07-03T13:32:56Z" finished-at="2014-07-03T13:33:16Z">
        </test-method>
        <test-method status="PASS" signature="shutEnviroment()" name="shutEnviroment" is-config="true" duration-ms="559" started-at="2014-07-03T13:33:30Z" finished-at="2014-07-03T13:33:31Z">
        </test-method>
      </class>
    </test>
    <test name="TestTicketsForBabies" duration-ms="14244" started-at="2014-07-03T13:33:16Z" finished-at="2014-07-03T13:33:30Z">
      <class name="testng.TicketsForBabies">
        <test-method status="PASS" signature="ticketsForBabies()" name="ticketsForBabies" duration-ms="14227" started-at="2014-07-03T13:33:16Z" finished-at="2014-07-03T13:33:30Z">
        </test-method>
      </class>
    </test>
  </suite>
</testng-results>
