<?xml version="1.0" encoding="UTF-8"?>
<testng-results skipped="0" failed="0" total="0" passed="0">
  <reporter-output>
  </reporter-output>
  <suite name="Suite1" duration-ms="417" started-at="2014-07-07T00:33:39Z" finished-at="2014-07-07T00:33:40Z">
    <groups>
    </groups>
    <test name="TestStringLength" duration-ms="0" started-at="2014-07-07T00:33:40Z" finished-at="2014-07-07T00:33:40Z">
    </test>
    <test name="TestSimilarProducts" duration-ms="0" started-at="2014-07-07T00:33:40Z" finished-at="2014-07-07T00:33:40Z">
    </test>
    <test name="TestBuySmartphone" duration-ms="0" started-at="2014-07-07T00:33:40Z" finished-at="2014-07-07T00:33:40Z">
    </test>
    <test name="TestTicketsForBabies" duration-ms="3" started-at="2014-07-07T00:33:39Z" finished-at="2014-07-07T00:33:39Z">
    </test>
  </suite>
</testng-results>
